  Jan_maze.cpp
C:\Users\user\source\repos\Jan_Algorithm\Jan_Algorithm_Study\Jan_Algorithm\Jan_maze\Jan_maze.cpp(1,1): warning C4828: 파일에 0x96 오프셋에서 시작하는 문자가 포함되어 있습니다. 이 문자는 현재 원본 문자 집합에서 잘못된 문자입니다(코드 페이지 65001).
C:\Users\user\source\repos\Jan_Algorithm\Jan_Algorithm_Study\Jan_Algorithm\Jan_maze\Jan_maze.cpp(1,1): warning C4828: 파일에 0x97 오프셋에서 시작하는 문자가 포함되어 있습니다. 이 문자는 현재 원본 문자 집합에서 잘못된 문자입니다(코드 페이지 65001).
C:\Users\user\source\repos\Jan_Algorithm\Jan_Algorithm_Study\Jan_Algorithm\Jan_maze\Jan_maze.cpp(1,1): warning C4828: 파일에 0x98 오프셋에서 시작하는 문자가 포함되어 있습니다. 이 문자는 현재 원본 문자 집합에서 잘못된 문자입니다(코드 페이지 65001).
C:\Users\user\source\repos\Jan_Algorithm\Jan_Algorithm_Study\Jan_Algorithm\Jan_maze\Jan_maze.cpp(1,1): warning C4828: 파일에 0x99 오프셋에서 시작하는 문자가 포함되어 있습니다. 이 문자는 현재 원본 문자 집합에서 잘못된 문자입니다(코드 페이지 65001).
C:\Users\user\source\repos\Jan_Algorithm\Jan_Algorithm_Study\Jan_Algorithm\Jan_maze\Jan_maze.cpp(1,1): warning C4828: 파일에 0x9a 오프셋에서 시작하는 문자가 포함되어 있습니다. 이 문자는 현재 원본 문자 집합에서 잘못된 문자입니다(코드 페이지 65001).
C:\Users\user\source\repos\Jan_Algorithm\Jan_Algorithm_Study\Jan_Algorithm\Jan_maze\Jan_maze.cpp(1,1): warning C4828: 파일에 0x9c 오프셋에서 시작하는 문자가 포함되어 있습니다. 이 문자는 현재 원본 문자 집합에서 잘못된 문자입니다(코드 페이지 65001).
C:\Users\user\source\repos\Jan_Algorithm\Jan_Algorithm_Study\Jan_Algorithm\Jan_maze\Jan_maze.cpp(1,1): warning C4828: 파일에 0xa0 오프셋에서 시작하는 문자가 포함되어 있습니다. 이 문자는 현재 원본 문자 집합에서 잘못된 문자입니다(코드 페이지 65001).
C:\Users\user\source\repos\Jan_Algorithm\Jan_Algorithm_Study\Jan_Algorithm\Jan_maze\Jan_maze.cpp(1,1): warning C4828: 파일에 0xa1 오프셋에서 시작하는 문자가 포함되어 있습니다. 이 문자는 현재 원본 문자 집합에서 잘못된 문자입니다(코드 페이지 65001).
C:\Users\user\source\repos\Jan_Algorithm\Jan_Algorithm_Study\Jan_Algorithm\Jan_maze\Jan_maze.cpp(1,1): warning C4828: 파일에 0xa2 오프셋에서 시작하는 문자가 포함되어 있습니다. 이 문자는 현재 원본 문자 집합에서 잘못된 문자입니다(코드 페이지 65001).
C:\Users\user\source\repos\Jan_Algorithm\Jan_Algorithm_Study\Jan_Algorithm\Jan_maze\Jan_maze.cpp(1,1): warning C4828: 파일에 0xa3 오프셋에서 시작하는 문자가 포함되어 있습니다. 이 문자는 현재 원본 문자 집합에서 잘못된 문자입니다(코드 페이지 65001).
C:\Users\user\source\repos\Jan_Algorithm\Jan_Algorithm_Study\Jan_Algorithm\Jan_maze\Jan_maze.cpp(1,1): warning C4828: 파일에 0xa5 오프셋에서 시작하는 문자가 포함되어 있습니다. 이 문자는 현재 원본 문자 집합에서 잘못된 문자입니다(코드 페이지 65001).
C:\Users\user\source\repos\Jan_Algorithm\Jan_Algorithm_Study\Jan_Algorithm\Jan_maze\Jan_maze.cpp(1,1): warning C4828: 파일에 0xa6 오프셋에서 시작하는 문자가 포함되어 있습니다. 이 문자는 현재 원본 문자 집합에서 잘못된 문자입니다(코드 페이지 65001).
C:\Users\user\source\repos\Jan_Algorithm\Jan_Algorithm_Study\Jan_Algorithm\Jan_maze\Jan_maze.cpp(1,1): warning C4828: 파일에 0xa7 오프셋에서 시작하는 문자가 포함되어 있습니다. 이 문자는 현재 원본 문자 집합에서 잘못된 문자입니다(코드 페이지 65001).
C:\Users\user\source\repos\Jan_Algorithm\Jan_Algorithm_Study\Jan_Algorithm\Jan_maze\Jan_maze.cpp(1,1): warning C4828: 파일에 0xac 오프셋에서 시작하는 문자가 포함되어 있습니다. 이 문자는 현재 원본 문자 집합에서 잘못된 문자입니다(코드 페이지 65001).
C:\Users\user\source\repos\Jan_Algorithm\Jan_Algorithm_Study\Jan_Algorithm\Jan_maze\Jan_maze.cpp(1,1): warning C4828: 파일에 0xad 오프셋에서 시작하는 문자가 포함되어 있습니다. 이 문자는 현재 원본 문자 집합에서 잘못된 문자입니다(코드 페이지 65001).
C:\Users\user\source\repos\Jan_Algorithm\Jan_Algorithm_Study\Jan_Algorithm\Jan_maze\Jan_maze.cpp(1,1): warning C4828: 파일에 0xae 오프셋에서 시작하는 문자가 포함되어 있습니다. 이 문자는 현재 원본 문자 집합에서 잘못된 문자입니다(코드 페이지 65001).
C:\Users\user\source\repos\Jan_Algorithm\Jan_Algorithm_Study\Jan_Algorithm\Jan_maze\Jan_maze.cpp(1,1): warning C4828: 파일에 0xaf 오프셋에서 시작하는 문자가 포함되어 있습니다. 이 문자는 현재 원본 문자 집합에서 잘못된 문자입니다(코드 페이지 65001).
C:\Users\user\source\repos\Jan_Algorithm\Jan_Algorithm_Study\Jan_Algorithm\Jan_maze\Jan_maze.cpp(1,1): warning C4828: 파일에 0x10a 오프셋에서 시작하는 문자가 포함되어 있습니다. 이 문자는 현재 원본 문자 집합에서 잘못된 문자입니다(코드 페이지 65001).
C:\Users\user\source\repos\Jan_Algorithm\Jan_Algorithm_Study\Jan_Algorithm\Jan_maze\Jan_maze.cpp(1,1): warning C4828: 파일에 0x10b 오프셋에서 시작하는 문자가 포함되어 있습니다. 이 문자는 현재 원본 문자 집합에서 잘못된 문자입니다(코드 페이지 65001).
C:\Users\user\source\repos\Jan_Algorithm\Jan_Algorithm_Study\Jan_Algorithm\Jan_maze\Jan_maze.cpp(1,1): warning C4828: 파일에 0x10d 오프셋에서 시작하는 문자가 포함되어 있습니다. 이 문자는 현재 원본 문자 집합에서 잘못된 문자입니다(코드 페이지 65001).
C:\Users\user\source\repos\Jan_Algorithm\Jan_Algorithm_Study\Jan_Algorithm\Jan_maze\Jan_maze.cpp(1,1): warning C4828: 파일에 0x110 오프셋에서 시작하는 문자가 포함되어 있습니다. 이 문자는 현재 원본 문자 집합에서 잘못된 문자입니다(코드 페이지 65001).
C:\Users\user\source\repos\Jan_Algorithm\Jan_Algorithm_Study\Jan_Algorithm\Jan_maze\Jan_maze.cpp(1,1): warning C4828: 파일에 0x114 오프셋에서 시작하는 문자가 포함되어 있습니다. 이 문자는 현재 원본 문자 집합에서 잘못된 문자입니다(코드 페이지 65001).
C:\Users\user\source\repos\Jan_Algorithm\Jan_Algorithm_Study\Jan_Algorithm\Jan_maze\Jan_maze.cpp(1,1): warning C4828: 파일에 0x115 오프셋에서 시작하는 문자가 포함되어 있습니다. 이 문자는 현재 원본 문자 집합에서 잘못된 문자입니다(코드 페이지 65001).
C:\Users\user\source\repos\Jan_Algorithm\Jan_Algorithm_Study\Jan_Algorithm\Jan_maze\Jan_maze.cpp(1,1): warning C4828: 파일에 0x116 오프셋에서 시작하는 문자가 포함되어 있습니다. 이 문자는 현재 원본 문자 집합에서 잘못된 문자입니다(코드 페이지 65001).
C:\Users\user\source\repos\Jan_Algorithm\Jan_Algorithm_Study\Jan_Algorithm\Jan_maze\Jan_maze.cpp(1,1): warning C4828: 파일에 0x117 오프셋에서 시작하는 문자가 포함되어 있습니다. 이 문자는 현재 원본 문자 집합에서 잘못된 문자입니다(코드 페이지 65001).
C:\Users\user\source\repos\Jan_Algorithm\Jan_Algorithm_Study\Jan_Algorithm\Jan_maze\Jan_maze.cpp(1,1): warning C4828: 파일에 0x118 오프셋에서 시작하는 문자가 포함되어 있습니다. 이 문자는 현재 원본 문자 집합에서 잘못된 문자입니다(코드 페이지 65001).
C:\Users\user\source\repos\Jan_Algorithm\Jan_Algorithm_Study\Jan_Algorithm\Jan_maze\Jan_maze.cpp(1,1): warning C4828: 파일에 0x11e 오프셋에서 시작하는 문자가 포함되어 있습니다. 이 문자는 현재 원본 문자 집합에서 잘못된 문자입니다(코드 페이지 65001).
C:\Users\user\source\repos\Jan_Algorithm\Jan_Algorithm_Study\Jan_Algorithm\Jan_maze\Jan_maze.cpp(1,1): warning C4828: 파일에 0x11f 오프셋에서 시작하는 문자가 포함되어 있습니다. 이 문자는 현재 원본 문자 집합에서 잘못된 문자입니다(코드 페이지 65001).
C:\Users\user\source\repos\Jan_Algorithm\Jan_Algorithm_Study\Jan_Algorithm\Jan_maze\Jan_maze.cpp(1,1): warning C4828: 파일에 0x185 오프셋에서 시작하는 문자가 포함되어 있습니다. 이 문자는 현재 원본 문자 집합에서 잘못된 문자입니다(코드 페이지 65001).
C:\Users\user\source\repos\Jan_Algorithm\Jan_Algorithm_Study\Jan_Algorithm\Jan_maze\Jan_maze.cpp(1,1): warning C4828: 파일에 0x187 오프셋에서 시작하는 문자가 포함되어 있습니다. 이 문자는 현재 원본 문자 집합에서 잘못된 문자입니다(코드 페이지 65001).
C:\Users\user\source\repos\Jan_Algorithm\Jan_Algorithm_Study\Jan_Algorithm\Jan_maze\Jan_maze.cpp(1,1): warning C4828: 파일에 0x188 오프셋에서 시작하는 문자가 포함되어 있습니다. 이 문자는 현재 원본 문자 집합에서 잘못된 문자입니다(코드 페이지 65001).
C:\Users\user\source\repos\Jan_Algorithm\Jan_Algorithm_Study\Jan_Algorithm\Jan_maze\Jan_maze.cpp(1,1): warning C4828: 파일에 0x189 오프셋에서 시작하는 문자가 포함되어 있습니다. 이 문자는 현재 원본 문자 집합에서 잘못된 문자입니다(코드 페이지 65001).
C:\Users\user\source\repos\Jan_Algorithm\Jan_Algorithm_Study\Jan_Algorithm\Jan_maze\Jan_maze.cpp(1,1): warning C4828: 파일에 0x18c 오프셋에서 시작하는 문자가 포함되어 있습니다. 이 문자는 현재 원본 문자 집합에서 잘못된 문자입니다(코드 페이지 65001).
C:\Users\user\source\repos\Jan_Algorithm\Jan_Algorithm_Study\Jan_Algorithm\Jan_maze\Jan_maze.cpp(1,1): warning C4828: 파일에 0x18d 오프셋에서 시작하는 문자가 포함되어 있습니다. 이 문자는 현재 원본 문자 집합에서 잘못된 문자입니다(코드 페이지 65001).
C:\Users\user\source\repos\Jan_Algorithm\Jan_Algorithm_Study\Jan_Algorithm\Jan_maze\Jan_maze.cpp(1,1): warning C4828: 파일에 0x18e 오프셋에서 시작하는 문자가 포함되어 있습니다. 이 문자는 현재 원본 문자 집합에서 잘못된 문자입니다(코드 페이지 65001).
C:\Users\user\source\repos\Jan_Algorithm\Jan_Algorithm_Study\Jan_Algorithm\Jan_maze\Jan_maze.cpp(1,1): warning C4828: 파일에 0x209 오프셋에서 시작하는 문자가 포함되어 있습니다. 이 문자는 현재 원본 문자 집합에서 잘못된 문자입니다(코드 페이지 65001).
C:\Users\user\source\repos\Jan_Algorithm\Jan_Algorithm_Study\Jan_Algorithm\Jan_maze\Jan_maze.cpp(1,1): warning C4828: 파일에 0x20a 오프셋에서 시작하는 문자가 포함되어 있습니다. 이 문자는 현재 원본 문자 집합에서 잘못된 문자입니다(코드 페이지 65001).
C:\Users\user\source\repos\Jan_Algorithm\Jan_Algorithm_Study\Jan_Algorithm\Jan_maze\Jan_maze.cpp(1,1): warning C4828: 파일에 0x20d 오프셋에서 시작하는 문자가 포함되어 있습니다. 이 문자는 현재 원본 문자 집합에서 잘못된 문자입니다(코드 페이지 65001).
C:\Users\user\source\repos\Jan_Algorithm\Jan_Algorithm_Study\Jan_Algorithm\Jan_maze\Jan_maze.cpp(1,1): warning C4828: 파일에 0x210 오프셋에서 시작하는 문자가 포함되어 있습니다. 이 문자는 현재 원본 문자 집합에서 잘못된 문자입니다(코드 페이지 65001).
C:\Users\user\source\repos\Jan_Algorithm\Jan_Algorithm_Study\Jan_Algorithm\Jan_maze\Jan_maze.cpp(1,1): warning C4828: 파일에 0x248 오프셋에서 시작하는 문자가 포함되어 있습니다. 이 문자는 현재 원본 문자 집합에서 잘못된 문자입니다(코드 페이지 65001).
C:\Users\user\source\repos\Jan_Algorithm\Jan_Algorithm_Study\Jan_Algorithm\Jan_maze\Jan_maze.cpp(1,1): warning C4828: 파일에 0x24b 오프셋에서 시작하는 문자가 포함되어 있습니다. 이 문자는 현재 원본 문자 집합에서 잘못된 문자입니다(코드 페이지 65001).
C:\Users\user\source\repos\Jan_Algorithm\Jan_Algorithm_Study\Jan_Algorithm\Jan_maze\Jan_maze.cpp(1,1): warning C4828: 파일에 0x255 오프셋에서 시작하는 문자가 포함되어 있습니다. 이 문자는 현재 원본 문자 집합에서 잘못된 문자입니다(코드 페이지 65001).
C:\Users\user\source\repos\Jan_Algorithm\Jan_Algorithm_Study\Jan_Algorithm\Jan_maze\Jan_maze.cpp(1,1): warning C4828: 파일에 0x256 오프셋에서 시작하는 문자가 포함되어 있습니다. 이 문자는 현재 원본 문자 집합에서 잘못된 문자입니다(코드 페이지 65001).
C:\Users\user\source\repos\Jan_Algorithm\Jan_Algorithm_Study\Jan_Algorithm\Jan_maze\Jan_maze.cpp(1,1): warning C4828: 파일에 0x258 오프셋에서 시작하는 문자가 포함되어 있습니다. 이 문자는 현재 원본 문자 집합에서 잘못된 문자입니다(코드 페이지 65001).
C:\Users\user\source\repos\Jan_Algorithm\Jan_Algorithm_Study\Jan_Algorithm\Jan_maze\Jan_maze.cpp(1,1): warning C4828: 파일에 0x27f 오프셋에서 시작하는 문자가 포함되어 있습니다. 이 문자는 현재 원본 문자 집합에서 잘못된 문자입니다(코드 페이지 65001).
C:\Users\user\source\repos\Jan_Algorithm\Jan_Algorithm_Study\Jan_Algorithm\Jan_maze\Jan_maze.cpp(1,1): warning C4828: 파일에 0x280 오프셋에서 시작하는 문자가 포함되어 있습니다. 이 문자는 현재 원본 문자 집합에서 잘못된 문자입니다(코드 페이지 65001).
C:\Users\user\source\repos\Jan_Algorithm\Jan_Algorithm_Study\Jan_Algorithm\Jan_maze\Jan_maze.cpp(1,1): warning C4828: 파일에 0x281 오프셋에서 시작하는 문자가 포함되어 있습니다. 이 문자는 현재 원본 문자 집합에서 잘못된 문자입니다(코드 페이지 65001).
C:\Users\user\source\repos\Jan_Algorithm\Jan_Algorithm_Study\Jan_Algorithm\Jan_maze\Jan_maze.cpp(1,1): warning C4828: 파일에 0x282 오프셋에서 시작하는 문자가 포함되어 있습니다. 이 문자는 현재 원본 문자 집합에서 잘못된 문자입니다(코드 페이지 65001).
C:\Users\user\source\repos\Jan_Algorithm\Jan_Algorithm_Study\Jan_Algorithm\Jan_maze\Board.h(1,1): warning C4828: 파일에 0x91 오프셋에서 시작하는 문자가 포함되어 있습니다. 이 문자는 현재 원본 문자 집합에서 잘못된 문자입니다(코드 페이지 65001).
C:\Users\user\source\repos\Jan_Algorithm\Jan_Algorithm_Study\Jan_Algorithm\Jan_maze\Board.h(1,1): warning C4828: 파일에 0x92 오프셋에서 시작하는 문자가 포함되어 있습니다. 이 문자는 현재 원본 문자 집합에서 잘못된 문자입니다(코드 페이지 65001).
C:\Users\user\source\repos\Jan_Algorithm\Jan_Algorithm_Study\Jan_Algorithm\Jan_maze\Board.h(1,1): warning C4828: 파일에 0x93 오프셋에서 시작하는 문자가 포함되어 있습니다. 이 문자는 현재 원본 문자 집합에서 잘못된 문자입니다(코드 페이지 65001).
C:\Users\user\source\repos\Jan_Algorithm\Jan_Algorithm_Study\Jan_Algorithm\Jan_maze\Board.h(1,1): warning C4828: 파일에 0x94 오프셋에서 시작하는 문자가 포함되어 있습니다. 이 문자는 현재 원본 문자 집합에서 잘못된 문자입니다(코드 페이지 65001).
C:\Users\user\source\repos\Jan_Algorithm\Jan_Algorithm_Study\Jan_Algorithm\Jan_maze\Board.h(1,1): warning C4828: 파일에 0x9a 오프셋에서 시작하는 문자가 포함되어 있습니다. 이 문자는 현재 원본 문자 집합에서 잘못된 문자입니다(코드 페이지 65001).
C:\Users\user\source\repos\Jan_Algorithm\Jan_Algorithm_Study\Jan_Algorithm\Jan_maze\Board.h(1,1): warning C4828: 파일에 0x9b 오프셋에서 시작하는 문자가 포함되어 있습니다. 이 문자는 현재 원본 문자 집합에서 잘못된 문자입니다(코드 페이지 65001).
C:\Users\user\source\repos\Jan_Algorithm\Jan_Algorithm_Study\Jan_Algorithm\Jan_maze\Board.h(1,1): warning C4828: 파일에 0x9c 오프셋에서 시작하는 문자가 포함되어 있습니다. 이 문자는 현재 원본 문자 집합에서 잘못된 문자입니다(코드 페이지 65001).
C:\Users\user\source\repos\Jan_Algorithm\Jan_Algorithm_Study\Jan_Algorithm\Jan_maze\Board.h(1,1): warning C4828: 파일에 0xa8 오프셋에서 시작하는 문자가 포함되어 있습니다. 이 문자는 현재 원본 문자 집합에서 잘못된 문자입니다(코드 페이지 65001).
C:\Users\user\source\repos\Jan_Algorithm\Jan_Algorithm_Study\Jan_Algorithm\Jan_maze\Board.h(1,1): warning C4828: 파일에 0xa9 오프셋에서 시작하는 문자가 포함되어 있습니다. 이 문자는 현재 원본 문자 집합에서 잘못된 문자입니다(코드 페이지 65001).
C:\Users\user\source\repos\Jan_Algorithm\Jan_Algorithm_Study\Jan_Algorithm\Jan_maze\Board.h(1,1): warning C4828: 파일에 0xaa 오프셋에서 시작하는 문자가 포함되어 있습니다. 이 문자는 현재 원본 문자 집합에서 잘못된 문자입니다(코드 페이지 65001).
C:\Users\user\source\repos\Jan_Algorithm\Jan_Algorithm_Study\Jan_Algorithm\Jan_maze\Board.h(1,1): warning C4828: 파일에 0xab 오프셋에서 시작하는 문자가 포함되어 있습니다. 이 문자는 현재 원본 문자 집합에서 잘못된 문자입니다(코드 페이지 65001).
C:\Users\user\source\repos\Jan_Algorithm\Jan_Algorithm_Study\Jan_Algorithm\Jan_maze\Board.h(1,1): warning C4828: 파일에 0xb1 오프셋에서 시작하는 문자가 포함되어 있습니다. 이 문자는 현재 원본 문자 집합에서 잘못된 문자입니다(코드 페이지 65001).
C:\Users\user\source\repos\Jan_Algorithm\Jan_Algorithm_Study\Jan_Algorithm\Jan_maze\Board.h(1,1): warning C4828: 파일에 0xb2 오프셋에서 시작하는 문자가 포함되어 있습니다. 이 문자는 현재 원본 문자 집합에서 잘못된 문자입니다(코드 페이지 65001).
C:\Users\user\source\repos\Jan_Algorithm\Jan_Algorithm_Study\Jan_Algorithm\Jan_maze\Board.h(1,1): warning C4828: 파일에 0xb3 오프셋에서 시작하는 문자가 포함되어 있습니다. 이 문자는 현재 원본 문자 집합에서 잘못된 문자입니다(코드 페이지 65001).
C:\Users\user\source\repos\Jan_Algorithm\Jan_Algorithm_Study\Jan_Algorithm\Jan_maze\Board.h(1,1): warning C4828: 파일에 0x168 오프셋에서 시작하는 문자가 포함되어 있습니다. 이 문자는 현재 원본 문자 집합에서 잘못된 문자입니다(코드 페이지 65001).
C:\Users\user\source\repos\Jan_Algorithm\Jan_Algorithm_Study\Jan_Algorithm\Jan_maze\Board.h(1,1): warning C4828: 파일에 0x169 오프셋에서 시작하는 문자가 포함되어 있습니다. 이 문자는 현재 원본 문자 집합에서 잘못된 문자입니다(코드 페이지 65001).
C:\Users\user\source\repos\Jan_Algorithm\Jan_Algorithm_Study\Jan_Algorithm\Jan_maze\Board.h(1,1): warning C4828: 파일에 0x16c 오프셋에서 시작하는 문자가 포함되어 있습니다. 이 문자는 현재 원본 문자 집합에서 잘못된 문자입니다(코드 페이지 65001).
C:\Users\user\source\repos\Jan_Algorithm\Jan_Algorithm_Study\Jan_Algorithm\Jan_maze\Board.h(1,1): warning C4828: 파일에 0x16d 오프셋에서 시작하는 문자가 포함되어 있습니다. 이 문자는 현재 원본 문자 집합에서 잘못된 문자입니다(코드 페이지 65001).
C:\Users\user\source\repos\Jan_Algorithm\Jan_Algorithm_Study\Jan_Algorithm\Jan_maze\Board.h(1,1): warning C4828: 파일에 0x170 오프셋에서 시작하는 문자가 포함되어 있습니다. 이 문자는 현재 원본 문자 집합에서 잘못된 문자입니다(코드 페이지 65001).
C:\Users\user\source\repos\Jan_Algorithm\Jan_Algorithm_Study\Jan_Algorithm\Jan_maze\Board.h(1,1): warning C4828: 파일에 0x171 오프셋에서 시작하는 문자가 포함되어 있습니다. 이 문자는 현재 원본 문자 집합에서 잘못된 문자입니다(코드 페이지 65001).
C:\Users\user\source\repos\Jan_Algorithm\Jan_Algorithm_Study\Jan_Algorithm\Jan_maze\Board.h(1,1): warning C4828: 파일에 0x173 오프셋에서 시작하는 문자가 포함되어 있습니다. 이 문자는 현재 원본 문자 집합에서 잘못된 문자입니다(코드 페이지 65001).
C:\Users\user\source\repos\Jan_Algorithm\Jan_Algorithm_Study\Jan_Algorithm\Jan_maze\Board.h(1,1): warning C4828: 파일에 0x174 오프셋에서 시작하는 문자가 포함되어 있습니다. 이 문자는 현재 원본 문자 집합에서 잘못된 문자입니다(코드 페이지 65001).
C:\Users\user\source\repos\Jan_Algorithm\Jan_Algorithm_Study\Jan_Algorithm\Jan_maze\Board.h(1,1): warning C4828: 파일에 0x179 오프셋에서 시작하는 문자가 포함되어 있습니다. 이 문자는 현재 원본 문자 집합에서 잘못된 문자입니다(코드 페이지 65001).
C:\Users\user\source\repos\Jan_Algorithm\Jan_Algorithm_Study\Jan_Algorithm\Jan_maze\Board.h(1,1): warning C4828: 파일에 0x17a 오프셋에서 시작하는 문자가 포함되어 있습니다. 이 문자는 현재 원본 문자 집합에서 잘못된 문자입니다(코드 페이지 65001).
C:\Users\user\source\repos\Jan_Algorithm\Jan_Algorithm_Study\Jan_Algorithm\Jan_maze\Board.h(1,1): warning C4828: 파일에 0x17c 오프셋에서 시작하는 문자가 포함되어 있습니다. 이 문자는 현재 원본 문자 집합에서 잘못된 문자입니다(코드 페이지 65001).
C:\Users\user\source\repos\Jan_Algorithm\Jan_Algorithm_Study\Jan_Algorithm\Jan_maze\Board.h(1,1): warning C4828: 파일에 0x180 오프셋에서 시작하는 문자가 포함되어 있습니다. 이 문자는 현재 원본 문자 집합에서 잘못된 문자입니다(코드 페이지 65001).
C:\Users\user\source\repos\Jan_Algorithm\Jan_Algorithm_Study\Jan_Algorithm\Jan_maze\Board.h(1,1): warning C4828: 파일에 0x182 오프셋에서 시작하는 문자가 포함되어 있습니다. 이 문자는 현재 원본 문자 집합에서 잘못된 문자입니다(코드 페이지 65001).
C:\Users\user\source\repos\Jan_Algorithm\Jan_Algorithm_Study\Jan_Algorithm\Jan_maze\Board.h(1,1): warning C4828: 파일에 0x1b1 오프셋에서 시작하는 문자가 포함되어 있습니다. 이 문자는 현재 원본 문자 집합에서 잘못된 문자입니다(코드 페이지 65001).
C:\Users\user\source\repos\Jan_Algorithm\Jan_Algorithm_Study\Jan_Algorithm\Jan_maze\Board.h(1,1): warning C4828: 파일에 0x1b2 오프셋에서 시작하는 문자가 포함되어 있습니다. 이 문자는 현재 원본 문자 집합에서 잘못된 문자입니다(코드 페이지 65001).
C:\Users\user\source\repos\Jan_Algorithm\Jan_Algorithm_Study\Jan_Algorithm\Jan_maze\Board.h(1,1): warning C4828: 파일에 0x1b5 오프셋에서 시작하는 문자가 포함되어 있습니다. 이 문자는 현재 원본 문자 집합에서 잘못된 문자입니다(코드 페이지 65001).
C:\Users\user\source\repos\Jan_Algorithm\Jan_Algorithm_Study\Jan_Algorithm\Jan_maze\Board.h(1,1): warning C4828: 파일에 0x1b6 오프셋에서 시작하는 문자가 포함되어 있습니다. 이 문자는 현재 원본 문자 집합에서 잘못된 문자입니다(코드 페이지 65001).
C:\Users\user\source\repos\Jan_Algorithm\Jan_Algorithm_Study\Jan_Algorithm\Jan_maze\Board.h(1,1): warning C4828: 파일에 0x1b9 오프셋에서 시작하는 문자가 포함되어 있습니다. 이 문자는 현재 원본 문자 집합에서 잘못된 문자입니다(코드 페이지 65001).
C:\Users\user\source\repos\Jan_Algorithm\Jan_Algorithm_Study\Jan_Algorithm\Jan_maze\Board.h(1,1): warning C4828: 파일에 0x1ba 오프셋에서 시작하는 문자가 포함되어 있습니다. 이 문자는 현재 원본 문자 집합에서 잘못된 문자입니다(코드 페이지 65001).
C:\Users\user\source\repos\Jan_Algorithm\Jan_Algorithm_Study\Jan_Algorithm\Jan_maze\Board.h(1,1): warning C4828: 파일에 0x1bc 오프셋에서 시작하는 문자가 포함되어 있습니다. 이 문자는 현재 원본 문자 집합에서 잘못된 문자입니다(코드 페이지 65001).
C:\Users\user\source\repos\Jan_Algorithm\Jan_Algorithm_Study\Jan_Algorithm\Jan_maze\Board.h(1,1): warning C4828: 파일에 0x1bd 오프셋에서 시작하는 문자가 포함되어 있습니다. 이 문자는 현재 원본 문자 집합에서 잘못된 문자입니다(코드 페이지 65001).
C:\Users\user\source\repos\Jan_Algorithm\Jan_Algorithm_Study\Jan_Algorithm\Jan_maze\Board.h(1,1): warning C4828: 파일에 0x1c0 오프셋에서 시작하는 문자가 포함되어 있습니다. 이 문자는 현재 원본 문자 집합에서 잘못된 문자입니다(코드 페이지 65001).
C:\Users\user\source\repos\Jan_Algorithm\Jan_Algorithm_Study\Jan_Algorithm\Jan_maze\Board.h(1,1): warning C4828: 파일에 0x1c1 오프셋에서 시작하는 문자가 포함되어 있습니다. 이 문자는 현재 원본 문자 집합에서 잘못된 문자입니다(코드 페이지 65001).
C:\Users\user\source\repos\Jan_Algorithm\Jan_Algorithm_Study\Jan_Algorithm\Jan_maze\Board.h(1,1): warning C4828: 파일에 0x1c5 오프셋에서 시작하는 문자가 포함되어 있습니다. 이 문자는 현재 원본 문자 집합에서 잘못된 문자입니다(코드 페이지 65001).
C:\Users\user\source\repos\Jan_Algorithm\Jan_Algorithm_Study\Jan_Algorithm\Jan_maze\Board.h(1,1): warning C4828: 파일에 0x1c6 오프셋에서 시작하는 문자가 포함되어 있습니다. 이 문자는 현재 원본 문자 집합에서 잘못된 문자입니다(코드 페이지 65001).
C:\Users\user\source\repos\Jan_Algorithm\Jan_Algorithm_Study\Jan_Algorithm\Jan_maze\Board.h(1,1): warning C4828: 파일에 0x1c7 오프셋에서 시작하는 문자가 포함되어 있습니다. 이 문자는 현재 원본 문자 집합에서 잘못된 문자입니다(코드 페이지 65001).
C:\Users\user\source\repos\Jan_Algorithm\Jan_Algorithm_Study\Jan_Algorithm\Jan_maze\Board.h(1,1): warning C4828: 파일에 0x1c9 오프셋에서 시작하는 문자가 포함되어 있습니다. 이 문자는 현재 원본 문자 집합에서 잘못된 문자입니다(코드 페이지 65001).
C:\Users\user\source\repos\Jan_Algorithm\Jan_Algorithm_Study\Jan_Algorithm\Jan_maze\Board.h(1,1): warning C4828: 파일에 0x1cc 오프셋에서 시작하는 문자가 포함되어 있습니다. 이 문자는 현재 원본 문자 집합에서 잘못된 문자입니다(코드 페이지 65001).
C:\Users\user\source\repos\Jan_Algorithm\Jan_Algorithm_Study\Jan_Algorithm\Jan_maze\Board.h(1,1): warning C4828: 파일에 0x1cd 오프셋에서 시작하는 문자가 포함되어 있습니다. 이 문자는 현재 원본 문자 집합에서 잘못된 문자입니다(코드 페이지 65001).
C:\Users\user\source\repos\Jan_Algorithm\Jan_Algorithm_Study\Jan_Algorithm\Jan_maze\Board.h(1,1): warning C4828: 파일에 0x1ce 오프셋에서 시작하는 문자가 포함되어 있습니다. 이 문자는 현재 원본 문자 집합에서 잘못된 문자입니다(코드 페이지 65001).
  Jan_maze.vcxproj -> C:\Users\user\source\repos\Jan_Algorithm\Jan_Algorithm_Study\Jan_Algorithm\Debug\Jan_maze.exe
